\BOOKMARK [1][-]{section.1}{\376\377\000E\000x\000p\000e\000r\000i\000m\000e\000n\000t\000\040\000C\000o\000n\000f\000i\000g\000u\000r\000a\000t\000i\000o\000n}{}% 1
\BOOKMARK [2][-]{subsection.1.1}{\376\377\000T\000w\000o\000-\000P\000h\000a\000s\000e\000\040\000S\000t\000r\000u\000c\000t\000u\000r\000e}{section.1}% 2
\BOOKMARK [1][-]{section.2}{\376\377\000L\000o\000s\000s\000\040\000T\000r\000a\000j\000e\000c\000t\000o\000r\000y}{}% 3
\BOOKMARK [2][-]{subsection.2.1}{\376\377\000C\000o\000m\000p\000a\000r\000i\000s\000o\000n\000\040\000w\000i\000t\000h\000\040\000s\000p\000e\000c\0002\0005\000\040\000\050\000F\000i\000r\000s\000t\000\040\0003\0000\000K\000\051}{section.2}% 4
\BOOKMARK [1][-]{section.3}{\376\377\000G\000r\000a\000d\000i\000e\000n\000t\000\040\000A\000n\000a\000l\000y\000s\000i\000s}{}% 5
\BOOKMARK [2][-]{subsection.3.1}{\376\377\000D\000e\000p\000t\000h\000\040\000S\000p\000e\000c\000i\000a\000l\000i\000z\000a\000t\000i\000o\000n\000\040\000C\000o\000l\000l\000a\000p\000s\000e}{section.3}% 6
\BOOKMARK [2][-]{subsection.3.2}{\376\377\000G\000r\000a\000d\000i\000e\000n\000t\000\040\000S\000p\000i\000k\000e\000s}{section.3}% 7
\BOOKMARK [1][-]{section.4}{\376\377\000G\000a\000t\000e\000\040\000D\000i\000a\000g\000n\000o\000s\000t\000i\000c\000s\000:\000\040\000T\000h\000e\000\040\000H\000e\000a\000d\000l\000i\000n\000e\000\040\000F\000i\000n\000d\000i\000n\000g}{}% 8
\BOOKMARK [2][-]{subsection.4.1}{\376\377\000L\0001\000\040\000E\000t\000a\000\040\000C\000o\000l\000l\000a\000p\000s\000e\000\040\000\050\000T\000h\000e\000\040\000H\000e\000a\000d\000l\000i\000n\000e\000\051}{section.4}% 9
\BOOKMARK [2][-]{subsection.4.2}{\376\377\000L\0001\000\040\000A\000l\000p\000h\000a\000\040\000F\000l\000o\000o\000r\000-\000P\000i\000n\000n\000i\000n\000g}{section.4}% 10
\BOOKMARK [2][-]{subsection.4.3}{\376\377\000L\0000\000\040\000E\000t\000a\000\040\000S\000a\000t\000u\000r\000a\000t\000i\000o\000n}{section.4}% 11
\BOOKMARK [2][-]{subsection.4.4}{\376\377\000F\000u\000l\000l\000\040\000G\000a\000t\000e\000\040\000E\000v\000o\000l\000u\000t\000i\000o\000n}{section.4}% 12
\BOOKMARK [2][-]{subsection.4.5}{\376\377\000B\000l\000o\000c\000k\000\040\0002\000\040\000L\0001\000\040\000T\000h\000e\000t\000a\000:\000\040\000T\000h\000e\000\040\000P\000e\000r\000s\000i\000s\000t\000e\000n\000t\000\040\000A\000n\000o\000m\000a\000l\000y}{section.4}% 13
\BOOKMARK [1][-]{section.5}{\376\377\000D\000e\000t\000a\000i\000l\000e\000d\000\040\000G\000a\000t\000e\000\040\000C\000o\000m\000p\000a\000r\000i\000s\000o\000n\000\040\000T\000a\000b\000l\000e}{}% 14
\BOOKMARK [1][-]{section.6}{\376\377\000T\000h\000r\000o\000u\000g\000h\000p\000u\000t}{}% 15
\BOOKMARK [1][-]{section.7}{\376\377\000C\000o\000n\000c\000l\000u\000s\000i\000o\000n\000s}{}% 16
\BOOKMARK [2][-]{subsection.7.1}{\376\377\000E\000x\000t\000e\000n\000d\000e\000d\000\040\000P\000r\000o\000x\000y\000\040\000T\000r\000a\000i\000n\000i\000n\000g\000\040\000P\000r\000o\000d\000u\000c\000e\000s\000\040\000A\000d\000a\000p\000t\000i\000v\000e\000\040\000L\0001\000\040\000S\000u\000p\000p\000r\000e\000s\000s\000i\000o\000n}{section.7}% 17
\BOOKMARK [2][-]{subsection.7.2}{\376\377\000B\000l\000o\000c\000k\000\040\0002\000:\000\040\000T\000h\000e\000\040\000E\000x\000c\000e\000p\000t\000i\000o\000n\000\040\000T\000h\000a\000t\000\040\000P\000r\000o\000v\000e\000s\000\040\000t\000h\000e\000\040\000R\000u\000l\000e}{section.7}% 18
\BOOKMARK [2][-]{subsection.7.3}{\376\377\000I\000m\000p\000l\000i\000c\000a\000t\000i\000o\000n\000s\000\040\000f\000o\000r\000\040\000k\000=\0004\000\040\000P\000r\000o\000d\000u\000c\000t\000i\000o\000n}{section.7}% 19
\BOOKMARK [2][-]{subsection.7.4}{\376\377\000D\000e\000p\000t\000h\000\040\000S\000p\000e\000c\000i\000a\000l\000i\000z\000a\000t\000i\000o\000n\000\040\000a\000t\000\040\000d\000=\0005\0001\0002}{section.7}% 20
\BOOKMARK [2][-]{subsection.7.5}{\376\377\000N\000e\000x\000t\000\040\000S\000t\000e\000p\000s}{section.7}% 21
