\BOOKMARK [1][-]{section.1}{\376\377\000E\000x\000p\000e\000r\000i\000m\000e\000n\000t\000\040\000C\000o\000n\000f\000i\000g\000u\000r\000a\000t\000i\000o\000n}{}% 1
\BOOKMARK [2][-]{subsection.1.1}{\376\377\000P\000u\000s\000h\000-\000U\000p\000\040\000M\000e\000c\000h\000a\000n\000i\000c\000s}{section.1}% 2
\BOOKMARK [1][-]{section.2}{\376\377\000L\000o\000s\000s\000\040\000T\000r\000a\000j\000e\000c\000t\000o\000r\000y}{}% 3
\BOOKMARK [2][-]{subsection.2.1}{\376\377\000C\000o\000m\000p\000a\000r\000i\000s\000o\000n\000\040\000w\000i\000t\000h\000\040\000k\000=\0002\000\040\000R\000u\000n\000s}{section.2}% 4
\BOOKMARK [1][-]{section.3}{\376\377\000G\000r\000a\000d\000i\000e\000n\000t\000\040\000A\000n\000a\000l\000y\000s\000i\000s}{}% 5
\BOOKMARK [2][-]{subsection.3.1}{\376\377\000G\000r\000a\000d\000i\000e\000n\000t\000\040\000S\000p\000i\000k\000e\000s}{section.3}% 6
\BOOKMARK [2][-]{subsection.3.2}{\376\377\000D\000e\000p\000t\000h\000\040\000S\000p\000e\000c\000i\000a\000l\000i\000z\000a\000t\000i\000o\000n}{section.3}% 7
\BOOKMARK [1][-]{section.4}{\376\377\000G\000a\000t\000e\000\040\000D\000i\000a\000g\000n\000o\000s\000t\000i\000c\000s\000:\000\040\000T\000h\000r\000e\000e\000-\000L\000e\000v\000e\000l\000\040\000H\000i\000e\000r\000a\000r\000c\000h\000y}{}% 8
\BOOKMARK [2][-]{subsection.4.1}{\376\377\000T\000h\000e\000t\000a\000:\000\040\000T\000h\000e\000\040\000L\000e\000a\000r\000n\000i\000n\000g\000\040\000R\000a\000t\000e\000\040\000H\000i\000e\000r\000a\000r\000c\000h\000y}{section.4}% 9
\BOOKMARK [2][-]{subsection.4.2}{\376\377\000A\000l\000p\000h\000a\000:\000\040\000U\000n\000i\000v\000e\000r\000s\000a\000l\000\040\000F\000l\000o\000o\000r\000-\000P\000i\000n\000n\000i\000n\000g}{section.4}% 10
\BOOKMARK [2][-]{subsection.4.3}{\376\377\000E\000t\000a\000:\000\040\000N\000o\000\040\000C\000o\000l\000l\000a\000p\000s\000e\000\040\000a\000t\000\040\000k\000=\0003}{section.4}% 11
\BOOKMARK [2][-]{subsection.4.4}{\376\377\000D\000G\000D\000\040\000D\000e\000l\000t\000a\000\040\000N\000o\000r\000m\000s\000:\000\040\000L\0000\000\040\000O\000n\000l\000y}{section.4}% 12
\BOOKMARK [2][-]{subsection.4.5}{\376\377\000B\000l\000o\000c\000k\000\040\0002\000:\000\040\000T\000h\000e\000\040\000P\000e\000r\000s\000i\000s\000t\000e\000n\000t\000\040\000A\000n\000o\000m\000a\000l\000y}{section.4}% 13
\BOOKMARK [1][-]{section.5}{\376\377\000O\000u\000t\000p\000u\000t\000\040\000G\000r\000a\000d\000i\000e\000n\000t\000\040\000N\000o\000r\000m\000s}{}% 14
\BOOKMARK [1][-]{section.6}{\376\377\000T\000h\000r\000o\000u\000g\000h\000p\000u\000t}{}% 15
\BOOKMARK [1][-]{section.7}{\376\377\000C\000o\000n\000c\000l\000u\000s\000i\000o\000n\000s}{}% 16
\BOOKMARK [2][-]{subsection.7.1}{\376\377\000P\000u\000s\000h\000-\000U\000p\000\040\000t\000o\000\040\000k\000=\0003\000\040\000i\000s\000\040\000V\000i\000a\000b\000l\000e}{section.7}% 17
\BOOKMARK [2][-]{subsection.7.2}{\376\377\000T\000h\000r\000e\000e\000-\000T\000i\000e\000r\000\040\000H\000i\000e\000r\000a\000r\000c\000h\000y\000:\000\040\000E\000x\000a\000c\000t\000\040\000>\000\040\000I\000n\000h\000e\000r\000i\000t\000e\000d\000\040\000P\000r\000o\000x\000y\000\040\000>\000\040\000F\000r\000e\000s\000h\000\040\000P\000r\000o\000x\000y}{section.7}% 18
\BOOKMARK [2][-]{subsection.7.3}{\376\377\000N\000o\000\040\000L\0001\000\040\000E\000t\000a\000\040\000C\000o\000l\000l\000a\000p\000s\000e\000:\000\040\000T\000h\000e\000\040\000P\000r\000e\000s\000s\000u\000r\000e\000\040\000R\000e\000l\000i\000e\000f\000\040\000H\000y\000p\000o\000t\000h\000e\000s\000i\000s}{section.7}% 19
\BOOKMARK [2][-]{subsection.7.4}{\376\377\000A\000l\000p\000h\000a\000\040\000F\000l\000o\000o\000r\000\040\000i\000s\000\040\000L\000o\000a\000d\000-\000B\000e\000a\000r\000i\000n\000g\000\040\000a\000t\000\040\000k\000=\0003}{section.7}% 20
\BOOKMARK [2][-]{subsection.7.5}{\376\377\000N\000e\000x\000t\000\040\000S\000t\000e\000p\000s}{section.7}% 21
