Loaded config: configs/k4_zero_retention_d512_gpu0.json
Run directory: runs/k4_zero_retention_d512
  Checkpoints: runs/k4_zero_retention_d512/checkpoints
  Metrics:     runs/k4_zero_retention_d512/metrics.jsonl
Loaded dolmino BPE data: 949,999,999 tokens, vocab=32000
Loaded val set: 49,999,999 tokens
Tokenizer for samples: BPE

============================================================
NL-Hecate Build
============================================================
  Model:    d=512, heads=8, seq_len=512, vocab=50257
  Memory:   rule=titans, composition=mag, k=4
  CMS:      chunk_sizes=[1, 8, 64, 512]
  α clamps: floor=[0.0, 0.0, 0.0, 0.0], ceil=None
  θ clamps: floor=None, ceil=[1.0, 1.0, 1.0, 1.0]
  M-norm:   max=[100.0, 100.0, 100.0, 100.0]
  ErrClip:  max=[0.0, 0.0, 0.0, 0.0]
  Params:   57,768,980
  Data:     949,999,999 tokens (dolmino BPE)
  Build:    100000 steps (from step 0), lr=0.0003
  Optimizer: adamw_gpu_stacked (b1=0.9, b2=0.999, wd=0.1, warmup=500)
  Grad clip: max_norm=1.0
  Device:   GPU
  Eval:     every 1000 steps, 100 max chunks
  Probes:   1 prompt(s), 20 tokens each  | tape every 1000 steps
  Log:      runs/k4_zero_retention_d512/metrics.jsonl
============================================================

  Stacked:  4 blocks x k=4 CMS levels  (76,687,440 params)
  step     0  loss=11.0023  ppl=60014.1  tok/s=147  gnorm=13.8603  lr=0.000000  rss=8278MB
  step     8  loss=10.8853  ppl=53385.1  tok/s=525  gnorm=6.8446  lr=0.000005  rss=8278MB
  step    10  loss=10.9411  ppl=56450.7  tok/s=584  gnorm=7.8134  lr=0.000006  rss=8278MB
  step    16  loss=10.9553  ppl=57255.0  tok/s=507  gnorm=7.3895  lr=0.000010  rss=8278MB
  step    20  loss=10.7951  ppl=48780.2  tok/s=591  gnorm=8.2434  lr=0.000012  rss=8278MB
  step    24  loss=10.6673  ppl=42928.5  tok/s=473  gnorm=7.4213  lr=0.000014  rss=8278MB
  step    30  loss=10.5749  ppl=39139.2  tok/s=594  gnorm=6.5321  lr=0.000018  rss=8278MB
  step    32  loss=10.5218  ppl=37114.1  tok/s=395  gnorm=6.0929  lr=0.000019  rss=8278MB
  step    40  loss=10.4326  ppl=33949.2  tok/s=530  gnorm=5.7520  lr=0.000024  rss=8278MB
  step    48  loss=10.1010  ppl=24366.7  tok/s=528  gnorm=6.9317  lr=0.000029  rss=8278MB
  step    50  loss=9.9164  ppl=20259.5  tok/s=598  gnorm=4.1658  lr=0.000030  rss=8278MB
  step    56  loss=9.7663  ppl=17436.5  tok/s=510  gnorm=4.2140  lr=0.000034  rss=8278MB
  step    60  loss=9.9678  ppl=21329.0  tok/s=596  gnorm=6.4724  lr=0.000036  rss=8278MB
  step    64  loss=9.3279  ppl=11247.1  tok/s=394  gnorm=6.3955  lr=0.000038  rss=8278MB
  step    70  loss=9.0397  ppl=8431.2  tok/s=591  gnorm=4.9947  lr=0.000042  rss=8278MB
  step    72  loss=9.1990  ppl=9887.4  tok/s=391  gnorm=3.0598  lr=0.000043  rss=8278MB
  step    80  loss=8.8799  ppl=7186.2  tok/s=527  gnorm=3.4864  lr=0.000048  rss=8278MB
  step    88  loss=8.7399  ppl=6247.6  tok/s=527  gnorm=3.2795  lr=0.000053  rss=8278MB
  step    90  loss=8.3145  ppl=4082.7  tok/s=577  gnorm=2.9189  lr=0.000054  rss=8278MB
  step    96  loss=8.2952  ppl=4004.7  tok/s=509  gnorm=2.6045  lr=0.000058  rss=8278MB
  step   104  loss=8.1217  ppl=3366.6  tok/s=523  gnorm=2.3897  lr=0.000062  rss=8278MB
  step   112  loss=7.4219  ppl=1672.1  tok/s=523  gnorm=2.3866  lr=0.000067  rss=8278MB
  step   120  loss=7.4198  ppl=1668.7  tok/s=525  gnorm=2.1830  lr=0.000072  rss=8278MB
  step   128  loss=6.9314  ppl=1023.9  tok/s=471  gnorm=2.0555  lr=0.000077  rss=8278MB
  step   136  loss=6.8772  ppl=969.9  tok/s=522  gnorm=2.5129  lr=0.000082  rss=8278MB
  step   144  loss=6.7162  ppl=825.7  tok/s=522  gnorm=1.8750  lr=0.000086  rss=8278MB
  step   152  loss=6.7284  ppl=835.8  tok/s=525  gnorm=2.7493  lr=0.000091  rss=8278MB
  step   160  loss=6.8229  ppl=918.7  tok/s=525  gnorm=1.8843  lr=0.000096  rss=8278MB
  step   168  loss=6.1864  ppl=486.1  tok/s=524  gnorm=2.4168  lr=0.000101  rss=8278MB
  step   176  loss=6.5633  ppl=708.6  tok/s=524  gnorm=117.6928  lr=0.000106  rss=8278MB
  step   184  loss=6.7421  ppl=847.3  tok/s=524  gnorm=89.8706  lr=0.000110  rss=8278MB
  step   192  loss=6.6163  ppl=747.2  tok/s=469  gnorm=29.4965  lr=0.000115  rss=8278MB
  step   200  loss=6.3626  ppl=579.8  tok/s=520  gnorm=1.8740  lr=0.000120  rss=8278MB
  step   208  loss=6.5251  ppl=682.0  tok/s=524  gnorm=1.8598  lr=0.000125  rss=8278MB
  step   216  loss=6.5831  ppl=722.8  tok/s=524  gnorm=1.8263  lr=0.000130  rss=8278MB
  step   224  loss=6.5130  ppl=673.8  tok/s=525  gnorm=2.1997  lr=0.000134  rss=8278MB
  step   232  loss=6.6118  ppl=743.8  tok/s=521  gnorm=1.4030  lr=0.000139  rss=8278MB
  step   240  loss=6.4460  ppl=630.2  tok/s=525  gnorm=1.7977  lr=0.000144  rss=8278MB
  step   248  loss=6.2470  ppl=516.5  tok/s=530  gnorm=1.6439  lr=0.000149  rss=8278MB
  step   256  loss=6.3547  ppl=575.2  tok/s=473  gnorm=1.5344  lr=0.000154  rss=8278MB
  step   264  loss=6.4116  ppl=608.9  tok/s=524  gnorm=2.6069  lr=0.000158  rss=8278MB
  step   272  loss=6.3944  ppl=598.5  tok/s=523  gnorm=1.8112  lr=0.000163  rss=8278MB
  step   280  loss=6.3686  ppl=583.3  tok/s=522  gnorm=2.4401  lr=0.000168  rss=8278MB
  step   288  loss=6.2991  ppl=544.1  tok/s=521  gnorm=2.2986  lr=0.000173  rss=8278MB
  step   296  loss=5.9900  ppl=399.4  tok/s=522  gnorm=1.8426  lr=0.000178  rss=8278MB
  step   304  loss=6.6180  ppl=748.4  tok/s=523  gnorm=1.5597  lr=0.000182  rss=8278MB
  step   312  loss=6.3043  ppl=546.9  tok/s=523  gnorm=2.1772  lr=0.000187  rss=8278MB
  step   320  loss=6.0498  ppl=424.0  tok/s=466  gnorm=3.2743  lr=0.000192  rss=8278MB
  step   328  loss=6.6797  ppl=796.1  tok/s=523  gnorm=20898880.0000  lr=0.000197  rss=8278MB
  step   336  loss=6.3776  ppl=588.5  tok/s=523  gnorm=29.2088  lr=0.000202  rss=8278MB
  step   344  loss=5.8949  ppl=363.2  tok/s=524  gnorm=1.8159  lr=0.000206  rss=8278MB
  step   352  loss=6.2978  ppl=543.4  tok/s=523  gnorm=441.2198  lr=0.000211  rss=8278MB
  step   360  loss=6.9976  ppl=1094.1  tok/s=522  gnorm=88.1748  lr=0.000216  rss=8278MB
  step   368  loss=5.9261  ppl=374.7  tok/s=521  gnorm=19.6131  lr=0.000221  rss=8278MB
  step   376  loss=5.6276  ppl=278.0  tok/s=520  gnorm=3.9555  lr=0.000226  rss=8278MB
  step   384  loss=5.8265  ppl=339.2  tok/s=469  gnorm=2.1210  lr=0.000230  rss=8278MB
  step   392  loss=5.4727  ppl=238.1  tok/s=521  gnorm=2.9317  lr=0.000235  rss=8278MB
  step   400  loss=6.2857  ppl=536.9  tok/s=518  gnorm=4.6260  lr=0.000240  rss=8278MB
  step   408  loss=6.1263  ppl=457.8  tok/s=521  gnorm=3.4041  lr=0.000245  rss=8278MB
  step   416  loss=5.8836  ppl=359.1  tok/s=521  gnorm=1.7609  lr=0.000250  rss=8278MB
  step   424  loss=6.6217  ppl=751.2  tok/s=520  gnorm=2.3071  lr=0.000254  rss=8278MB
  step   432  loss=5.9624  ppl=388.5  tok/s=519  gnorm=1.7222  lr=0.000259  rss=8278MB
  step   440  loss=6.2453  ppl=515.6  tok/s=522  gnorm=2.1747  lr=0.000264  rss=8278MB
  step   448  loss=5.8968  ppl=363.9  tok/s=468  gnorm=2.4037  lr=0.000269  rss=8278MB
  step   456  loss=5.5977  ppl=269.8  tok/s=519  gnorm=1.7943  lr=0.000274  rss=8278MB
  step   464  loss=5.4779  ppl=239.3  tok/s=522  gnorm=2.6908  lr=0.000278  rss=8278MB
  step   472  loss=6.0586  ppl=427.8  tok/s=519  gnorm=2.0850  lr=0.000283  rss=8278MB
  step   480  loss=5.9712  ppl=392.0  tok/s=519  gnorm=23936.6953  lr=0.000288  rss=8278MB
  step   488  loss=5.6609  ppl=287.4  tok/s=521  gnorm=1295939.0000  lr=0.000293  rss=8278MB
  step   496  loss=5.8705  ppl=354.4  tok/s=520  gnorm=90.1812  lr=0.000298  rss=8278MB
  step   504  loss=5.6409  ppl=281.7  tok/s=519  gnorm=2.2942  lr=0.000300  rss=8278MB
  step   512  loss=5.3513  ppl=210.9  tok/s=425  gnorm=2.1944  lr=0.000300  rss=8278MB
  step   520  loss=5.8436  ppl=345.0  tok/s=520  gnorm=2.1172  lr=0.000300  rss=8278MB
  step   528  loss=5.7320  ppl=308.6  tok/s=522  gnorm=1.8299  lr=0.000300  rss=8278MB
  step   536  loss=5.4421  ppl=230.9  tok/s=520  gnorm=3.6469  lr=0.000300  rss=8278MB
  step   544  loss=5.4962  ppl=243.8  tok/s=521  gnorm=4.2990  lr=0.000300  rss=8278MB
  step   552  loss=5.8493  ppl=347.0  tok/s=521  gnorm=2.0768  lr=0.000300  rss=8278MB
  step   560  loss=5.8177  ppl=336.2  tok/s=518  gnorm=2.2433  lr=0.000300  rss=8278MB
  step   568  loss=5.9482  ppl=383.1  tok/s=522  gnorm=1.8994  lr=0.000300  rss=8278MB
  step   576  loss=5.6005  ppl=270.6  tok/s=469  gnorm=2.2322  lr=0.000300  rss=8278MB
  step   584  loss=5.4647  ppl=236.2  tok/s=520  gnorm=1.8028  lr=0.000300  rss=8278MB
  step   592  loss=6.0414  ppl=420.5  tok/s=524  gnorm=2.4806  lr=0.000300  rss=8278MB
  step   600  loss=5.8249  ppl=338.6  tok/s=520  gnorm=1.7762  lr=0.000300  rss=8278MB
  step   608  loss=5.4052  ppl=222.6  tok/s=524  gnorm=1.7851  lr=0.000300  rss=8278MB
  step   616  loss=5.8989  ppl=364.6  tok/s=521  gnorm=3.7639  lr=0.000300  rss=8278MB
  step   624  loss=5.8293  ppl=340.1  tok/s=521  gnorm=3.4232  lr=0.000300  rss=8278MB
  step   632  loss=5.2779  ppl=196.0  tok/s=521  gnorm=1.9080  lr=0.000300  rss=8278MB
  step   640  loss=5.5875  ppl=267.1  tok/s=467  gnorm=2.1871  lr=0.000300  rss=8278MB
  step   648  loss=5.7882  ppl=326.4  tok/s=517  gnorm=2.0072  lr=0.000300  rss=8278MB
  step   656  loss=5.9013  ppl=365.5  tok/s=521  gnorm=2.1006  lr=0.000300  rss=8278MB
  step   664  loss=6.1475  ppl=467.5  tok/s=523  gnorm=4.3896  lr=0.000300  rss=8278MB
  step   672  loss=4.6742  ppl=107.1  tok/s=523  gnorm=2.8255  lr=0.000300  rss=8278MB
  step   680  loss=5.3893  ppl=219.1  tok/s=521  gnorm=2.1019  lr=0.000300  rss=8278MB
  step   688  loss=5.3878  ppl=218.7  tok/s=522  gnorm=2.6179  lr=0.000300  rss=8278MB
  step   696  loss=4.8361  ppl=126.0  tok/s=520  gnorm=2.9051  lr=0.000300  rss=8278MB
  step   704  loss=5.2204  ppl=185.0  tok/s=470  gnorm=2.5799  lr=0.000300  rss=8278MB
  step   712  loss=6.5477  ppl=697.6  tok/s=523  gnorm=2.2830  lr=0.000300  rss=8278MB
  step   720  loss=5.2660  ppl=193.6  tok/s=521  gnorm=2.5592  lr=0.000300  rss=8278MB
  step   728  loss=5.3162  ppl=203.6  tok/s=520  gnorm=2.3684  lr=0.000300  rss=8278MB
  step   736  loss=4.8102  ppl=122.8  tok/s=522  gnorm=1.9850  lr=0.000300  rss=8278MB
  step   744  loss=5.4165  ppl=225.1  tok/s=521  gnorm=2.4916  lr=0.000300  rss=8278MB
  step   752  loss=4.0277  ppl=56.1  tok/s=522  gnorm=6.2647  lr=0.000300  rss=8278MB
  step   760  loss=5.5709  ppl=262.7  tok/s=522  gnorm=4.1153  lr=0.000300  rss=8278MB
  step   768  loss=5.0695  ppl=159.1  tok/s=470  gnorm=1.9753  lr=0.000300  rss=8278MB
  step   776  loss=5.0572  ppl=157.1  tok/s=522  gnorm=2.4594  lr=0.000300  rss=8278MB
  step   784  loss=5.6890  ppl=295.6  tok/s=524  gnorm=1.9886  lr=0.000300  rss=8278MB
  step   792  loss=5.0313  ppl=153.1  tok/s=521  gnorm=2.1808  lr=0.000300  rss=8278MB
  step   800  loss=5.1496  ppl=172.4  tok/s=521  gnorm=2.2390  lr=0.000300  rss=8278MB
  step   808  loss=5.2256  ppl=186.0  tok/s=522  gnorm=4.5634  lr=0.000300  rss=8278MB
  step   816  loss=5.3504  ppl=210.7  tok/s=523  gnorm=2.0162  lr=0.000300  rss=8278MB
  step   824  loss=6.4424  ppl=627.9  tok/s=523  gnorm=3.7160  lr=0.000300  rss=8278MB
  step   832  loss=4.6662  ppl=106.3  tok/s=469  gnorm=2.7506  lr=0.000300  rss=8278MB
  step   840  loss=5.4923  ppl=242.8  tok/s=520  gnorm=2.2375  lr=0.000300  rss=8278MB
  step   848  loss=5.0684  ppl=158.9  tok/s=522  gnorm=2.2720  lr=0.000300  rss=8278MB
  step   856  loss=5.5209  ppl=249.9  tok/s=521  gnorm=4.8045  lr=0.000300  rss=8278MB
  step   864  loss=5.3004  ppl=200.4  tok/s=518  gnorm=2.1810  lr=0.000300  rss=8278MB
  step   872  loss=4.6824  ppl=108.0  tok/s=521  gnorm=2.1997  lr=0.000300  rss=8278MB
  step   880  loss=5.5655  ppl=261.2  tok/s=520  gnorm=2.1037  lr=0.000300  rss=8278MB
  step   888  loss=5.1896  ppl=179.4  tok/s=524  gnorm=2.0109  lr=0.000300  rss=8278MB
  step   896  loss=6.9121  ppl=1004.4  tok/s=468  gnorm=3.5481  lr=0.000300  rss=8278MB
  step   904  loss=4.7634  ppl=117.1  tok/s=521  gnorm=2.1412  lr=0.000300  rss=8278MB
  step   912  loss=5.1038  ppl=164.6  tok/s=521  gnorm=1.7510  lr=0.000300  rss=8278MB
  step   920  loss=4.9896  ppl=146.9  tok/s=522  gnorm=2.0262  lr=0.000300  rss=8278MB
  step   928  loss=4.8505  ppl=127.8  tok/s=521  gnorm=2.2287  lr=0.000300  rss=8278MB
  step   936  loss=5.4117  ppl=224.0  tok/s=522  gnorm=2.4867  lr=0.000300  rss=8278MB
  step   944  loss=4.6816  ppl=107.9  tok/s=522  gnorm=1.9045  lr=0.000300  rss=8278MB
  step   952  loss=5.3636  ppl=213.5  tok/s=521  gnorm=2.4659  lr=0.000300  rss=8278MB
  step   960  loss=4.8956  ppl=133.7  tok/s=468  gnorm=2.0992  lr=0.000300  rss=8278MB
  step   968  loss=5.8465  ppl=346.0  tok/s=520  gnorm=2.0870  lr=0.000300  rss=8278MB
  step   976  loss=4.6620  ppl=105.9  tok/s=519  gnorm=2.6127  lr=0.000300  rss=8278MB
  step   984  loss=5.2039  ppl=182.0  tok/s=521  gnorm=1.9958  lr=0.000300  rss=8278MB
  step   992  loss=5.4346  ppl=229.2  tok/s=522  gnorm=2.4122  lr=0.000300  rss=8278MB
  step  1000  loss=5.1125  ppl=166.1  tok/s=521  gnorm=2.0151  lr=0.000300  rss=8278MB
Traceback (most recent call last):
  File "/home/todd/olympus/NL_Hecate/python/hecate.py", line 373, in <module>
    main()
  File "/home/todd/olympus/NL_Hecate/python/hecate.py", line 285, in main
    run_build(bcfg)
  File "/home/todd/olympus/NL_Hecate/python/engine/loop.py", line 1669, in run_build
    tape_pulse = conductor.pulse_all_active()
                 ^^^^^^^^^^^^^^^^^^^^^^^^^^
AttributeError: 'builtins.Conductor' object has no attribute 'pulse_all_active'
