Loaded config: configs/spec27_d512_4b_k2_200k_gpu1.json
Run directory: runs/spec27_d512_4b_k2
  Checkpoints: runs/spec27_d512_4b_k2/checkpoints
  Metrics:     runs/spec27_d512_4b_k2/metrics.jsonl
Loaded dolmino BPE data: 949,999,999 tokens, vocab=32000
Loaded val set: 49,999,999 tokens
Tokenizer for samples: BPE
Loading checkpoint: runs/spec27_d512_4b_k2/checkpoints/model_step125000.safetensors
  Stacked checkpoint: n_blocks=4, k=2
  Resuming from step 125001
  Stream position: 64,000,512 / 949,999,999 tokens

============================================================
NL-Hecate Build
============================================================
  Model:    d=512, heads=8, seq_len=512, vocab=50257
  Memory:   rule=titans, composition=mag, k=2
  CMS:      chunk_sizes=[1, 8]
  α clamps: floor=[0.8, 0.8], ceil=None
  θ clamps: floor=None, ceil=[1.0, 1.0]
  M-norm:   max=[100.0, 100.0]
  ErrClip:  max=[0.0, 0.0]
  Params:   (stacked — reported after GPU upload)
  Data:     949,999,999 tokens (dolmino BPE)
  Build:    375000 steps (from step 125001), lr=0.0003
  Optimizer: adamw_gpu_stacked (b1=0.9, b2=0.999, wd=0.1, warmup=0)
  Grad clip: max_norm=1.0
  Device:   GPU
  Eval:     every 1000 steps, 100 max chunks
  Probes:   1 prompt(s), 20 tokens each  | tape every 1000 steps
  Log:      runs/spec27_d512_4b_k2/metrics.jsonl
============================================================

  Stacked:  4 blocks x k=2 CMS levels  (66,177,064 params)
  step 125008  loss=3.0324  ppl=20.7  tok/s=1163  gnorm=3.5705  lr=0.000256  rss=8785MB
  step 125016  loss=2.4926  ppl=12.1  tok/s=1194  gnorm=5.8495  lr=0.000256  rss=8785MB
  step 125024  loss=2.7040  ppl=14.9  tok/s=1204  gnorm=4.7130  lr=0.000256  rss=8785MB
  step 125032  loss=3.3303  ppl=27.9  tok/s=1193  gnorm=4.4498  lr=0.000256  rss=8785MB
  step 125040  loss=2.7708  ppl=16.0  tok/s=1206  gnorm=3.2115  lr=0.000256  rss=8785MB
  step 125048  loss=2.8298  ppl=16.9  tok/s=1192  gnorm=4.4991  lr=0.000256  rss=8785MB
  step 125056  loss=3.2062  ppl=24.7  tok/s=1212  gnorm=3.8641  lr=0.000256  rss=8785MB
  step 125064  loss=2.6374  ppl=14.0  tok/s=1210  gnorm=6.8372  lr=0.000256  rss=8785MB
  step 125072  loss=2.9242  ppl=18.6  tok/s=1188  gnorm=3.3700  lr=0.000256  rss=8785MB
  step 125080  loss=2.3093  ppl=10.1  tok/s=1202  gnorm=2.9316  lr=0.000256  rss=8785MB
  step 125088  loss=3.1743  ppl=23.9  tok/s=1200  gnorm=3.6390  lr=0.000256  rss=8785MB
  step 125096  loss=3.0231  ppl=20.6  tok/s=1192  gnorm=5.0371  lr=0.000256  rss=8785MB
  step 125104  loss=4.0153  ppl=55.4  tok/s=1175  gnorm=3.8260  lr=0.000256  rss=8785MB
  step 125112  loss=2.9785  ppl=19.7  tok/s=1178  gnorm=3.0899  lr=0.000256  rss=8785MB
  step 125120  loss=2.4086  ppl=11.1  tok/s=1192  gnorm=3.8447  lr=0.000256  rss=8785MB
  step 125128  loss=2.5106  ppl=12.3  tok/s=1188  gnorm=3.2336  lr=0.000256  rss=8785MB
  step 125136  loss=2.5971  ppl=13.4  tok/s=1185  gnorm=4.1123  lr=0.000256  rss=8785MB
  step 125144  loss=2.6610  ppl=14.3  tok/s=1197  gnorm=3.7011  lr=0.000256  rss=8785MB
  step 125152  loss=3.9421  ppl=51.5  tok/s=1184  gnorm=7.7169  lr=0.000256  rss=8785MB
  step 125160  loss=1.3157  ppl=3.7  tok/s=1193  gnorm=4.0609  lr=0.000256  rss=8785MB
  step 125168  loss=3.4652  ppl=32.0  tok/s=1200  gnorm=3.0720  lr=0.000256  rss=8785MB
  step 125176  loss=3.3335  ppl=28.0  tok/s=1172  gnorm=4.8581  lr=0.000256  rss=8785MB
  step 125184  loss=3.6264  ppl=37.6  tok/s=1194  gnorm=5.9653  lr=0.000256  rss=8785MB
  step 125192  loss=4.0602  ppl=58.0  tok/s=1189  gnorm=3.5016  lr=0.000256  rss=8785MB
  step 125200  loss=1.4997  ppl=4.5  tok/s=1173  gnorm=5.8219  lr=0.000256  rss=8785MB
  step 125208  loss=3.1499  ppl=23.3  tok/s=1190  gnorm=2.9553  lr=0.000256  rss=8785MB
  step 125216  loss=2.7680  ppl=15.9  tok/s=1189  gnorm=3.4747  lr=0.000256  rss=8785MB
  step 125224  loss=2.8140  ppl=16.7  tok/s=1187  gnorm=3.7233  lr=0.000256  rss=8785MB
  step 125232  loss=3.0280  ppl=20.7  tok/s=1189  gnorm=3.6018  lr=0.000256  rss=8785MB
  step 125240  loss=2.9967  ppl=20.0  tok/s=1183  gnorm=3.3028  lr=0.000256  rss=8785MB
  step 125248  loss=3.5911  ppl=36.3  tok/s=1178  gnorm=3.1106  lr=0.000256  rss=8785MB
  step 125256  loss=3.6663  ppl=39.1  tok/s=1182  gnorm=3.6015  lr=0.000256  rss=8785MB
  step 125264  loss=2.7031  ppl=14.9  tok/s=1188  gnorm=4.1088  lr=0.000256  rss=8785MB
  step 125272  loss=3.1258  ppl=22.8  tok/s=1194  gnorm=7.7278  lr=0.000256  rss=8785MB
  step 125280  loss=3.4253  ppl=30.7  tok/s=1176  gnorm=3.4026  lr=0.000256  rss=8785MB
  step 125288  loss=3.1868  ppl=24.2  tok/s=1191  gnorm=2.8994  lr=0.000256  rss=8785MB
  step 125296  loss=3.5036  ppl=33.2  tok/s=1182  gnorm=2.9655  lr=0.000256  rss=8785MB
  step 125304  loss=2.8264  ppl=16.9  tok/s=1167  gnorm=3.3925  lr=0.000256  rss=8785MB
  step 125312  loss=2.6179  ppl=13.7  tok/s=1182  gnorm=3.6879  lr=0.000256  rss=8785MB
  step 125320  loss=3.9911  ppl=54.1  tok/s=1172  gnorm=3.0471  lr=0.000256  rss=8785MB
  step 125328  loss=4.2629  ppl=71.0  tok/s=1183  gnorm=4.3638  lr=0.000256  rss=8785MB
  step 125336  loss=3.8985  ppl=49.3  tok/s=1184  gnorm=3.2650  lr=0.000256  rss=8785MB
  step 125344  loss=3.8634  ppl=47.6  tok/s=1178  gnorm=3.6187  lr=0.000256  rss=8785MB
  step 125352  loss=3.5520  ppl=34.9  tok/s=1184  gnorm=3.6853  lr=0.000256  rss=8785MB
  step 125360  loss=2.6676  ppl=14.4  tok/s=1177  gnorm=3.8708  lr=0.000256  rss=8785MB
  step 125368  loss=4.0333  ppl=56.4  tok/s=1177  gnorm=3.8033  lr=0.000256  rss=8785MB
  step 125376  loss=3.1244  ppl=22.7  tok/s=1180  gnorm=3.4518  lr=0.000256  rss=8785MB
  step 125384  loss=2.2974  ppl=9.9  tok/s=1174  gnorm=2.6155  lr=0.000256  rss=8785MB
  step 125392  loss=1.3912  ppl=4.0  tok/s=1191  gnorm=2.1372  lr=0.000256  rss=8785MB
  step 125400  loss=2.5595  ppl=12.9  tok/s=1178  gnorm=3.0649  lr=0.000256  rss=8785MB
  step 125408  loss=3.5659  ppl=35.4  tok/s=1185  gnorm=3.0063  lr=0.000256  rss=8785MB
  step 125416  loss=3.9804  ppl=53.5  tok/s=1184  gnorm=4.7893  lr=0.000256  rss=8785MB
  step 125424  loss=4.4138  ppl=82.6  tok/s=1169  gnorm=2.8639  lr=0.000256  rss=8785MB
  step 125432  loss=3.0697  ppl=21.5  tok/s=1188  gnorm=2.9042  lr=0.000256  rss=8785MB
  step 125440  loss=1.8567  ppl=6.4  tok/s=1188  gnorm=5.5994  lr=0.000256  rss=8785MB
  step 125448  loss=3.1207  ppl=22.7  tok/s=1181  gnorm=3.1071  lr=0.000256  rss=8785MB
  step 125456  loss=3.2095  ppl=24.8  tok/s=1182  gnorm=4.1208  lr=0.000256  rss=8785MB
  step 125464  loss=3.9392  ppl=51.4  tok/s=1186  gnorm=3.7775  lr=0.000256  rss=8785MB
  step 125472  loss=3.1586  ppl=23.5  tok/s=1175  gnorm=3.4441  lr=0.000256  rss=8785MB
  step 125480  loss=2.7685  ppl=15.9  tok/s=1181  gnorm=2.8839  lr=0.000256  rss=8785MB
  step 125488  loss=2.9058  ppl=18.3  tok/s=1169  gnorm=3.4592  lr=0.000256  rss=8785MB
  step 125496  loss=4.1960  ppl=66.4  tok/s=1191  gnorm=3.2123  lr=0.000256  rss=8785MB
  step 125504  loss=1.7354  ppl=5.7  tok/s=1188  gnorm=5.5431  lr=0.000256  rss=8785MB
  step 125512  loss=3.1087  ppl=22.4  tok/s=1178  gnorm=2.6708  lr=0.000256  rss=8785MB
  step 125520  loss=4.5105  ppl=91.0  tok/s=1193  gnorm=2.9222  lr=0.000256  rss=8785MB
  step 125528  loss=3.5798  ppl=35.9  tok/s=1175  gnorm=5.2505  lr=0.000256  rss=8785MB
  step 125536  loss=3.1533  ppl=23.4  tok/s=1189  gnorm=3.9400  lr=0.000256  rss=8785MB
  step 125544  loss=3.2051  ppl=24.7  tok/s=1181  gnorm=2.9456  lr=0.000256  rss=8785MB
  step 125552  loss=3.5647  ppl=35.3  tok/s=1134  gnorm=4.0188  lr=0.000256  rss=8785MB
  step 125560  loss=2.9823  ppl=19.7  tok/s=1184  gnorm=4.1950  lr=0.000256  rss=8785MB
  step 125568  loss=1.8742  ppl=6.5  tok/s=1183  gnorm=6.3685  lr=0.000256  rss=8785MB
  step 125576  loss=4.5310  ppl=92.9  tok/s=1186  gnorm=2.7236  lr=0.000256  rss=8785MB
  step 125584  loss=3.7040  ppl=40.6  tok/s=1183  gnorm=3.9220  lr=0.000256  rss=8785MB
  step 125592  loss=3.1817  ppl=24.1  tok/s=1186  gnorm=6.0388  lr=0.000256  rss=8785MB
  step 125600  loss=4.6570  ppl=105.3  tok/s=1161  gnorm=2.8670  lr=0.000256  rss=8785MB
  step 125608  loss=2.1518  ppl=8.6  tok/s=1155  gnorm=2.5080  lr=0.000256  rss=8785MB
  step 125616  loss=2.9048  ppl=18.3  tok/s=1176  gnorm=3.1872  lr=0.000256  rss=8785MB
  step 125624  loss=2.6783  ppl=14.6  tok/s=1188  gnorm=4.3066  lr=0.000256  rss=8785MB
  step 125632  loss=2.8456  ppl=17.2  tok/s=1173  gnorm=2.9855  lr=0.000256  rss=8785MB
  step 125640  loss=2.8714  ppl=17.7  tok/s=1186  gnorm=4.5131  lr=0.000256  rss=8785MB
  step 125648  loss=3.2352  ppl=25.4  tok/s=1184  gnorm=4.0018  lr=0.000256  rss=8785MB
  step 125656  loss=3.6633  ppl=39.0  tok/s=1183  gnorm=2.6888  lr=0.000256  rss=8785MB
  step 125664  loss=2.6799  ppl=14.6  tok/s=1192  gnorm=3.4738  lr=0.000256  rss=8785MB
  step 125672  loss=2.1772  ppl=8.8  tok/s=1166  gnorm=2.2921  lr=0.000256  rss=8785MB
  step 125680  loss=2.7042  ppl=14.9  tok/s=1181  gnorm=3.0337  lr=0.000256  rss=8785MB
  step 125688  loss=3.4262  ppl=30.8  tok/s=1175  gnorm=3.1889  lr=0.000256  rss=8785MB
  step 125696  loss=2.9513  ppl=19.1  tok/s=1187  gnorm=3.0806  lr=0.000256  rss=8785MB
  step 125704  loss=2.5608  ppl=12.9  tok/s=1184  gnorm=2.5049  lr=0.000256  rss=8785MB
  step 125712  loss=5.1613  ppl=174.4  tok/s=1185  gnorm=3.7573  lr=0.000256  rss=8785MB
  step 125720  loss=4.2048  ppl=67.0  tok/s=1185  gnorm=3.0870  lr=0.000256  rss=8785MB
  step 125728  loss=4.0167  ppl=55.5  tok/s=1184  gnorm=3.3400  lr=0.000256  rss=8785MB
  step 125736  loss=2.9579  ppl=19.3  tok/s=1181  gnorm=2.4051  lr=0.000256  rss=8785MB
  step 125744  loss=3.2525  ppl=25.9  tok/s=1190  gnorm=2.9147  lr=0.000256  rss=8785MB
  step 125752  loss=3.2286  ppl=25.2  tok/s=1189  gnorm=2.8405  lr=0.000256  rss=8785MB
  step 125760  loss=2.9946  ppl=20.0  tok/s=1184  gnorm=2.8018  lr=0.000256  rss=8785MB
  step 125768  loss=2.4480  ppl=11.6  tok/s=1190  gnorm=2.4309  lr=0.000256  rss=8785MB
  step 125776  loss=3.0594  ppl=21.3  tok/s=1176  gnorm=2.7787  lr=0.000256  rss=8785MB
  step 125784  loss=3.2359  ppl=25.4  tok/s=1185  gnorm=2.8557  lr=0.000256  rss=8785MB
  step 125792  loss=1.8261  ppl=6.2  tok/s=1172  gnorm=2.6861  lr=0.000256  rss=8785MB
  step 125800  loss=3.0440  ppl=21.0  tok/s=1168  gnorm=2.9193  lr=0.000256  rss=8785MB
  step 125808  loss=3.3478  ppl=28.4  tok/s=1190  gnorm=2.8741  lr=0.000256  rss=8785MB
  step 125816  loss=4.0082  ppl=55.0  tok/s=1192  gnorm=3.0446  lr=0.000256  rss=8785MB
  step 125824  loss=3.8071  ppl=45.0  tok/s=1182  gnorm=3.1834  lr=0.000256  rss=8785MB
  step 125832  loss=4.6278  ppl=102.3  tok/s=1176  gnorm=3.4383  lr=0.000256  rss=8785MB
  step 125840  loss=3.0428  ppl=21.0  tok/s=1172  gnorm=2.5931  lr=0.000256  rss=8785MB
  step 125848  loss=3.1438  ppl=23.2  tok/s=1179  gnorm=3.9936  lr=0.000255  rss=8785MB
  step 125856  loss=4.3463  ppl=77.2  tok/s=1182  gnorm=3.5859  lr=0.000255  rss=8785MB
  step 125864  loss=3.5942  ppl=36.4  tok/s=1178  gnorm=2.9845  lr=0.000255  rss=8785MB
  step 125872  loss=3.0304  ppl=20.7  tok/s=1186  gnorm=2.6165  lr=0.000255  rss=8785MB
  step 125880  loss=3.7726  ppl=43.5  tok/s=1172  gnorm=2.8246  lr=0.000255  rss=8785MB
  step 125888  loss=4.4070  ppl=82.0  tok/s=1191  gnorm=3.4392  lr=0.000255  rss=8785MB
  step 125896  loss=3.7368  ppl=42.0  tok/s=1185  gnorm=3.0522  lr=0.000255  rss=8785MB
  step 125904  loss=3.1933  ppl=24.4  tok/s=1182  gnorm=3.4623  lr=0.000255  rss=8785MB
  step 125912  loss=3.0513  ppl=21.1  tok/s=1187  gnorm=2.5633  lr=0.000255  rss=8785MB
  step 125920  loss=3.0030  ppl=20.1  tok/s=1165  gnorm=3.6460  lr=0.000255  rss=8785MB
  step 125928  loss=3.4074  ppl=30.2  tok/s=1185  gnorm=2.6189  lr=0.000255  rss=8785MB
  step 125936  loss=6.2796  ppl=533.6  tok/s=1177  gnorm=2.5825  lr=0.000255  rss=8785MB
  step 125944  loss=2.8314  ppl=17.0  tok/s=1185  gnorm=2.6059  lr=0.000255  rss=8785MB
  step 125952  loss=4.1948  ppl=66.3  tok/s=1192  gnorm=3.0211  lr=0.000255  rss=8785MB
  step 125960  loss=2.2380  ppl=9.4  tok/s=1183  gnorm=4.0757  lr=0.000255  rss=8785MB
  step 125968  loss=4.6306  ppl=102.6  tok/s=1180  gnorm=3.0949  lr=0.000255  rss=8785MB
  step 125976  loss=3.3014  ppl=27.2  tok/s=1193  gnorm=3.0251  lr=0.000255  rss=8785MB
  step 125984  loss=4.3181  ppl=75.0  tok/s=1181  gnorm=2.8673  lr=0.000255  rss=8785MB
  step 125992  loss=2.6445  ppl=14.1  tok/s=1194  gnorm=3.3383  lr=0.000255  rss=8785MB
  step 126000  loss=3.3666  ppl=29.0  tok/s=1190  gnorm=2.4634  lr=0.000255  rss=8785MB
  [tape] step=126000  loss=3.2672  total_blocks=8
    L0 [TitansLMM]  blocks=4  out_gnorm=3.0653e-02  dgd_delta=5.3174e+01  m_norm=0.0
           α  mean=0.8000  p99=0.8000  max=0.8000  @floor=100.0%
           θ  mean=0.9997  p99=1.0000  max=1.0000  @ceil=99.6%
           η  mean=0.9925  p99=1.0000  max=1.0000
    L1 [TitansLMM]  blocks=4  out_gnorm=3.0653e-02  dgd_delta=0.0000e+00  m_norm=0.0
           α  mean=0.8219  p99=0.9784  max=0.9799  @floor=78.5%
           θ  mean=0.2778  p99=1.0000  max=1.0000  @ceil=18.0%
           η  mean=0.8904  p99=1.0000  max=1.0000
  step 126008  loss=2.6426  ppl=14.1  tok/s=977  gnorm=3.1718  lr=0.000255  rss=8785MB
  step 126016  loss=4.3702  ppl=79.1  tok/s=1178  gnorm=3.0400  lr=0.000255  rss=8785MB
  step 126024  loss=2.4043  ppl=11.1  tok/s=1163  gnorm=3.3767  lr=0.000255  rss=8785MB
  step 126032  loss=3.1714  ppl=23.8  tok/s=1181  gnorm=3.0094  lr=0.000255  rss=8785MB
  step 126040  loss=2.8508  ppl=17.3  tok/s=1173  gnorm=4.0642  lr=0.000255  rss=8785MB
  step 126048  loss=2.9961  ppl=20.0  tok/s=1171  gnorm=3.8188  lr=0.000255  rss=8785MB
  step 126056  loss=2.4056  ppl=11.1  tok/s=1169  gnorm=2.8017  lr=0.000255  rss=8785MB
  step 126064  loss=3.3102  ppl=27.4  tok/s=1163  gnorm=2.7531  lr=0.000255  rss=8785MB
  step 126072  loss=3.2034  ppl=24.6  tok/s=1178  gnorm=2.9426  lr=0.000255  rss=8785MB
  step 126080  loss=1.8662  ppl=6.5  tok/s=1176  gnorm=2.3351  lr=0.000255  rss=8785MB
  step 126088  loss=3.2492  ppl=25.8  tok/s=1168  gnorm=2.6834  lr=0.000255  rss=8785MB
  step 126096  loss=4.0874  ppl=59.6  tok/s=1166  gnorm=2.9835  lr=0.000255  rss=8785MB
  step 126104  loss=4.3691  ppl=79.0  tok/s=1175  gnorm=4.6880  lr=0.000255  rss=8785MB
  step 126112  loss=2.4858  ppl=12.0  tok/s=1169  gnorm=2.4312  lr=0.000255  rss=8785MB
  step 126120  loss=3.8262  ppl=45.9  tok/s=1175  gnorm=2.5394  lr=0.000255  rss=8785MB
  step 126128  loss=3.9292  ppl=50.9  tok/s=1174  gnorm=4.7573  lr=0.000255  rss=8785MB
  step 126136  loss=3.5441  ppl=34.6  tok/s=1184  gnorm=3.4529  lr=0.000255  rss=8785MB
  step 126144  loss=4.0674  ppl=58.4  tok/s=1176  gnorm=5.0617  lr=0.000255  rss=8785MB
  step 126152  loss=1.7141  ppl=5.6  tok/s=1168  gnorm=2.2321  lr=0.000255  rss=8785MB
  step 126160  loss=3.5536  ppl=34.9  tok/s=1178  gnorm=2.9087  lr=0.000255  rss=8785MB
  step 126168  loss=2.4989  ppl=12.2  tok/s=1174  gnorm=3.2752  lr=0.000255  rss=8785MB
  step 126176  loss=2.4221  ppl=11.3  tok/s=1178  gnorm=2.5364  lr=0.000255  rss=8785MB
  step 126184  loss=2.9885  ppl=19.9  tok/s=1178  gnorm=2.8339  lr=0.000255  rss=8785MB
  step 126192  loss=1.6402  ppl=5.2  tok/s=1174  gnorm=2.7739  lr=0.000255  rss=8785MB
  step 126200  loss=4.1607  ppl=64.1  tok/s=1180  gnorm=3.9911  lr=0.000255  rss=8785MB
  step 126208  loss=2.7464  ppl=15.6  tok/s=1171  gnorm=2.3233  lr=0.000255  rss=8785MB
  step 126216  loss=1.9022  ppl=6.7  tok/s=1178  gnorm=4.2832  lr=0.000255  rss=8785MB
  step 126224  loss=2.4688  ppl=11.8  tok/s=1178  gnorm=3.4575  lr=0.000255  rss=8785MB
  step 126232  loss=2.9158  ppl=18.5  tok/s=1167  gnorm=2.8261  lr=0.000255  rss=8785MB
  step 126240  loss=2.9584  ppl=19.3  tok/s=1178  gnorm=2.5572  lr=0.000255  rss=8785MB
  step 126248  loss=2.4226  ppl=11.3  tok/s=1174  gnorm=3.5868  lr=0.000255  rss=8785MB
  step 126256  loss=2.2473  ppl=9.5  tok/s=1179  gnorm=2.0433  lr=0.000255  rss=8785MB
  step 126264  loss=3.4037  ppl=30.1  tok/s=1176  gnorm=3.8586  lr=0.000255  rss=8785MB
  step 126272  loss=3.3268  ppl=27.8  tok/s=1166  gnorm=2.5027  lr=0.000255  rss=8785MB
  step 126280  loss=3.8210  ppl=45.7  tok/s=1168  gnorm=2.5169  lr=0.000255  rss=8785MB
  step 126288  loss=3.1186  ppl=22.6  tok/s=1179  gnorm=2.6972  lr=0.000255  rss=8785MB
  step 126296  loss=3.9905  ppl=54.1  tok/s=1167  gnorm=3.2953  lr=0.000255  rss=8785MB
  step 126304  loss=3.2795  ppl=26.6  tok/s=1173  gnorm=2.9299  lr=0.000255  rss=8785MB
  step 126312  loss=3.0489  ppl=21.1  tok/s=1174  gnorm=3.2361  lr=0.000255  rss=8785MB
  step 126320  loss=3.0027  ppl=20.1  tok/s=1178  gnorm=2.8315  lr=0.000255  rss=8785MB
  step 126328  loss=2.6499  ppl=14.2  tok/s=1177  gnorm=2.7261  lr=0.000255  rss=8785MB
  step 126336  loss=1.2700  ppl=3.6  tok/s=1179  gnorm=2.7928  lr=0.000255  rss=8785MB
  step 126344  loss=3.7127  ppl=41.0  tok/s=1180  gnorm=3.5744  lr=0.000255  rss=8785MB
  step 126352  loss=3.0148  ppl=20.4  tok/s=1178  gnorm=2.4806  lr=0.000255  rss=8785MB
  step 126360  loss=3.3116  ppl=27.4  tok/s=1175  gnorm=2.6857  lr=0.000255  rss=8785MB
  step 126368  loss=2.6967  ppl=14.8  tok/s=1181  gnorm=2.1731  lr=0.000255  rss=8785MB
  step 126376  loss=3.8888  ppl=48.9  tok/s=1170  gnorm=3.2211  lr=0.000255  rss=8785MB
  step 126384  loss=3.4378  ppl=31.1  tok/s=1176  gnorm=2.9992  lr=0.000255  rss=8785MB
  step 126392  loss=2.8810  ppl=17.8  tok/s=1178  gnorm=2.7245  lr=0.000255  rss=8785MB
  step 126400  loss=1.7377  ppl=5.7  tok/s=1163  gnorm=2.5235  lr=0.000255  rss=8785MB
  step 126408  loss=3.3636  ppl=28.9  tok/s=1178  gnorm=2.8091  lr=0.000255  rss=8785MB
  step 126416  loss=3.2485  ppl=25.8  tok/s=1174  gnorm=2.5296  lr=0.000255  rss=8785MB
  step 126424  loss=2.4156  ppl=11.2  tok/s=1179  gnorm=2.9359  lr=0.000255  rss=8785MB
  step 126432  loss=3.3141  ppl=27.5  tok/s=1174  gnorm=2.7538  lr=0.000255  rss=8785MB
  step 126440  loss=2.7699  ppl=16.0  tok/s=1175  gnorm=2.3814  lr=0.000255  rss=8785MB
  step 126448  loss=3.3618  ppl=28.8  tok/s=1177  gnorm=2.7370  lr=0.000255  rss=8785MB
  step 126456  loss=3.8587  ppl=47.4  tok/s=1170  gnorm=3.3629  lr=0.000255  rss=8785MB
  step 126464  loss=2.0044  ppl=7.4  tok/s=1176  gnorm=2.1872  lr=0.000255  rss=8785MB
  step 126472  loss=3.8605  ppl=47.5  tok/s=1153  gnorm=4.0779  lr=0.000255  rss=8785MB
  step 126480  loss=3.4243  ppl=30.7  tok/s=1169  gnorm=2.2473  lr=0.000255  rss=8785MB
  step 126488  loss=4.3005  ppl=73.7  tok/s=1178  gnorm=2.9975  lr=0.000255  rss=8785MB
  step 126496  loss=1.9045  ppl=6.7  tok/s=1180  gnorm=2.9100  lr=0.000255  rss=8785MB
  step 126504  loss=3.6348  ppl=37.9  tok/s=1166  gnorm=2.5488  lr=0.000255  rss=8785MB
  step 126512  loss=3.5049  ppl=33.3  tok/s=1177  gnorm=2.7857  lr=0.000255  rss=8785MB
  step 126520  loss=3.4411  ppl=31.2  tok/s=1154  gnorm=3.3276  lr=0.000255  rss=8785MB
  step 126528  loss=2.4293  ppl=11.4  tok/s=1177  gnorm=2.6101  lr=0.000255  rss=8785MB
  step 126536  loss=2.4323  ppl=11.4  tok/s=1174  gnorm=2.1288  lr=0.000255  rss=8785MB
  step 126544  loss=3.0785  ppl=21.7  tok/s=1162  gnorm=2.6793  lr=0.000255  rss=8785MB
  step 126552  loss=2.8138  ppl=16.7  tok/s=1179  gnorm=3.2782  lr=0.000255  rss=8785MB
  step 126560  loss=3.5411  ppl=34.5  tok/s=1166  gnorm=3.3188  lr=0.000255  rss=8785MB
  step 126568  loss=2.8340  ppl=17.0  tok/s=1180  gnorm=2.1498  lr=0.000255  rss=8785MB
  step 126576  loss=2.2618  ppl=9.6  tok/s=1175  gnorm=2.2027  lr=0.000255  rss=8785MB
  step 126584  loss=3.0821  ppl=21.8  tok/s=1169  gnorm=3.2659  lr=0.000255  rss=8785MB
  step 126592  loss=3.3335  ppl=28.0  tok/s=1174  gnorm=3.3493  lr=0.000255  rss=8785MB
  step 126600  loss=2.7864  ppl=16.2  tok/s=1160  gnorm=2.2615  lr=0.000255  rss=8785MB
  step 126608  loss=2.1013  ppl=8.2  tok/s=1171  gnorm=2.9401  lr=0.000255  rss=8785MB
  step 126616  loss=2.7142  ppl=15.1  tok/s=1179  gnorm=2.7268  lr=0.000255  rss=8785MB
  step 126624  loss=2.7828  ppl=16.2  tok/s=1167  gnorm=2.2544  lr=0.000255  rss=8785MB
  step 126632  loss=3.0580  ppl=21.3  tok/s=1180  gnorm=2.6887  lr=0.000255  rss=8785MB
  step 126640  loss=3.5955  ppl=36.4  tok/s=1180  gnorm=2.1763  lr=0.000255  rss=8785MB
  step 126648  loss=3.4685  ppl=32.1  tok/s=1170  gnorm=2.9297  lr=0.000255  rss=8785MB
  step 126656  loss=3.8496  ppl=47.0  tok/s=1180  gnorm=2.3409  lr=0.000255  rss=8785MB
  step 126664  loss=3.3222  ppl=27.7  tok/s=1173  gnorm=3.1542  lr=0.000255  rss=8785MB
  step 126672  loss=1.8066  ppl=6.1  tok/s=1176  gnorm=3.4060  lr=0.000255  rss=8785MB
  step 126680  loss=2.9978  ppl=20.0  tok/s=1173  gnorm=3.8897  lr=0.000255  rss=8785MB
  step 126688  loss=3.1161  ppl=22.6  tok/s=1172  gnorm=2.5660  lr=0.000255  rss=8785MB
  step 126696  loss=2.2513  ppl=9.5  tok/s=1175  gnorm=2.8140  lr=0.000255  rss=8785MB
  step 126704  loss=3.5756  ppl=35.7  tok/s=1165  gnorm=3.6323  lr=0.000255  rss=8785MB
  step 126712  loss=1.9368  ppl=6.9  tok/s=1175  gnorm=2.5010  lr=0.000255  rss=8785MB
  step 126720  loss=4.4983  ppl=89.9  tok/s=1177  gnorm=2.6281  lr=0.000255  rss=8785MB
  step 126728  loss=2.3117  ppl=10.1  tok/s=1160  gnorm=4.6757  lr=0.000255  rss=8785MB
  step 126736  loss=3.2314  ppl=25.3  tok/s=1180  gnorm=2.1568  lr=0.000255  rss=8785MB
  step 126744  loss=1.1115  ppl=3.0  tok/s=1179  gnorm=1.7381  lr=0.000255  rss=8785MB
  step 126752  loss=3.4231  ppl=30.7  tok/s=1166  gnorm=2.6176  lr=0.000255  rss=8785MB
  step 126760  loss=2.7772  ppl=16.1  tok/s=1173  gnorm=3.0202  lr=0.000255  rss=8785MB
  step 126768  loss=2.6898  ppl=14.7  tok/s=1159  gnorm=2.6287  lr=0.000255  rss=8785MB
  step 126776  loss=4.4157  ppl=82.7  tok/s=1177  gnorm=3.8228  lr=0.000255  rss=8785MB
  step 126784  loss=2.4498  ppl=11.6  tok/s=1174  gnorm=3.1156  lr=0.000255  rss=8785MB
  step 126792  loss=3.9574  ppl=52.3  tok/s=1175  gnorm=4.2772  lr=0.000255  rss=8785MB
  step 126800  loss=2.6062  ppl=13.5  tok/s=1173  gnorm=2.1793  lr=0.000255  rss=8785MB
  step 126808  loss=2.7751  ppl=16.0  tok/s=1169  gnorm=2.9221  lr=0.000255  rss=8785MB
  step 126816  loss=4.5872  ppl=98.2  tok/s=1177  gnorm=2.9591  lr=0.000255  rss=8785MB
  step 126824  loss=1.8913  ppl=6.6  tok/s=1175  gnorm=2.5542  lr=0.000255  rss=8785MB
  step 126832  loss=2.1535  ppl=8.6  tok/s=1161  gnorm=2.7832  lr=0.000255  rss=8785MB
  step 126840  loss=2.8254  ppl=16.9  tok/s=1179  gnorm=2.3124  lr=0.000255  rss=8785MB
  step 126848  loss=1.5118  ppl=4.5  tok/s=1168  gnorm=2.2384  lr=0.000255  rss=8785MB
  step 126856  loss=2.8227  ppl=16.8  tok/s=1171  gnorm=2.7076  lr=0.000255  rss=8785MB
  step 126864  loss=2.7748  ppl=16.0  tok/s=1174  gnorm=2.0292  lr=0.000255  rss=8785MB
  step 126872  loss=3.2025  ppl=24.6  tok/s=1161  gnorm=2.9688  lr=0.000255  rss=8785MB
  step 126880  loss=3.3094  ppl=27.4  tok/s=1177  gnorm=2.6985  lr=0.000255  rss=8785MB
  step 126888  loss=2.3929  ppl=10.9  tok/s=1185  gnorm=2.7222  lr=0.000255  rss=8785MB
  step 126896  loss=3.7437  ppl=42.3  tok/s=1165  gnorm=2.8716  lr=0.000255  rss=8785MB
  step 126904  loss=3.9446  ppl=51.7  tok/s=1176  gnorm=2.3627  lr=0.000255  rss=8785MB
  step 126912  loss=3.0271  ppl=20.6  tok/s=1163  gnorm=2.5387  lr=0.000255  rss=8785MB
  step 126920  loss=2.3058  ppl=10.0  tok/s=1172  gnorm=2.3094  lr=0.000255  rss=8785MB
  step 126928  loss=1.5977  ppl=4.9  tok/s=1177  gnorm=2.2630  lr=0.000255  rss=8785MB
  step 126936  loss=3.0975  ppl=22.1  tok/s=1168  gnorm=2.2380  lr=0.000255  rss=8785MB
  step 126944  loss=3.3582  ppl=28.7  tok/s=1181  gnorm=2.5181  lr=0.000255  rss=8785MB
  step 126952  loss=3.8030  ppl=44.8  tok/s=1175  gnorm=2.6109  lr=0.000255  rss=8785MB
  step 126960  loss=2.6535  ppl=14.2  tok/s=1178  gnorm=2.7620  lr=0.000255  rss=8785MB
  step 126968  loss=1.0450  ppl=2.8  tok/s=1173  gnorm=1.3470  lr=0.000255  rss=8785MB
  step 126976  loss=3.0700  ppl=21.5  tok/s=1169  gnorm=2.8115  lr=0.000255  rss=8785MB
  step 126984  loss=2.5610  ppl=12.9  tok/s=1176  gnorm=3.0035  lr=0.000255  rss=8785MB
  step 126992  loss=4.0229  ppl=55.9  tok/s=1172  gnorm=3.5817  lr=0.000255  rss=8785MB
  step 127000  loss=2.5985  ppl=13.4  tok/s=1172  gnorm=3.2400  lr=0.000255  rss=8785MB
  [tape] step=127000  loss=2.5049  total_blocks=8
    L0 [TitansLMM]  blocks=4  out_gnorm=3.2875e-02  dgd_delta=1.5023e+02  m_norm=0.0
           α  mean=0.8000  p99=0.8000  max=0.8000  @floor=100.0%
           θ  mean=0.9986  p99=1.0000  max=1.0000  @ceil=99.6%
           η  mean=0.9988  p99=1.0000  max=1.0000
    L1 [TitansLMM]  blocks=4  out_gnorm=3.2875e-02  dgd_delta=0.0000e+00  m_norm=0.0
           α  mean=0.8178  p99=0.9679  max=0.9693  @floor=84.4%
           θ  mean=0.2618  p99=1.0000  max=1.0000  @ceil=20.7%
           η  mean=0.8669  p99=1.0000  max=1.0000
  step 127008  loss=3.7563  ppl=42.8  tok/s=972  gnorm=2.8254  lr=0.000255  rss=8785MB
  step 127016  loss=3.8675  ppl=47.8  tok/s=1180  gnorm=3.2443  lr=0.000255  rss=8785MB
  step 127024  loss=2.4426  ppl=11.5  tok/s=1183  gnorm=2.9179  lr=0.000255  rss=8785MB
  step 127032  loss=4.5125  ppl=91.2  tok/s=1185  gnorm=2.8089  lr=0.000255  rss=8785MB
  step 127040  loss=3.2202  ppl=25.0  tok/s=1186  gnorm=3.4047  lr=0.000255  rss=8785MB
  step 127048  loss=3.9370  ppl=51.3  tok/s=1181  gnorm=2.4379  lr=0.000255  rss=8785MB
  step 127056  loss=1.9656  ppl=7.1  tok/s=1187  gnorm=2.0225  lr=0.000255  rss=8785MB
  step 127064  loss=3.1092  ppl=22.4  tok/s=1187  gnorm=3.1567  lr=0.000255  rss=8785MB
  step 127072  loss=2.8192  ppl=16.8  tok/s=1185  gnorm=3.2296  lr=0.000255  rss=8785MB
  step 127080  loss=4.1681  ppl=64.6  tok/s=1183  gnorm=2.8644  lr=0.000255  rss=8785MB
  step 127088  loss=2.6953  ppl=14.8  tok/s=1189  gnorm=2.4734  lr=0.000255  rss=8785MB
  step 127096  loss=3.4416  ppl=31.2  tok/s=1182  gnorm=3.6300  lr=0.000255  rss=8785MB
  step 127104  loss=2.9170  ppl=18.5  tok/s=1187  gnorm=1.8905  lr=0.000255  rss=8785MB
  step 127112  loss=4.2389  ppl=69.3  tok/s=1181  gnorm=2.8550  lr=0.000255  rss=8785MB
  step 127120  loss=3.0275  ppl=20.6  tok/s=1179  gnorm=2.3296  lr=0.000255  rss=8785MB
  step 127128  loss=2.9525  ppl=19.2  tok/s=1183  gnorm=3.5216  lr=0.000255  rss=8785MB
  step 127136  loss=1.8650  ppl=6.5  tok/s=1177  gnorm=2.2168  lr=0.000255  rss=8785MB
  step 127144  loss=4.0176  ppl=55.6  tok/s=1183  gnorm=3.2670  lr=0.000255  rss=8785MB
