\BOOKMARK [1][-]{section.1}{\376\377\000E\000x\000p\000e\000r\000i\000m\000e\000n\000t\000\040\000C\000o\000n\000f\000i\000g\000u\000r\000a\000t\000i\000o\000n}{}% 1
\BOOKMARK [1][-]{section.2}{\376\377\000R\000e\000s\000u\000l\000t\000s\000\040\000S\000u\000m\000m\000a\000r\000y}{}% 2
\BOOKMARK [1][-]{section.3}{\376\377\000T\000r\000a\000i\000n\000i\000n\000g\000\040\000D\000y\000n\000a\000m\000i\000c\000s}{}% 3
\BOOKMARK [2][-]{subsection.3.1}{\376\377\000L\000o\000s\000s\000\040\000a\000n\000d\000\040\000P\000e\000r\000p\000l\000e\000x\000i\000t\000y}{section.3}% 4
\BOOKMARK [2][-]{subsection.3.2}{\376\377\000C\000o\000m\000p\000a\000r\000a\000t\000i\000v\000e\000\040\000L\000o\000s\000s\000\040\000\050\000d\000=\0005\0001\0002\000\040\000v\000s\000\040\000d\000=\0001\0000\0002\0004\000\051}{section.3}% 5
\BOOKMARK [2][-]{subsection.3.3}{\376\377\000T\000h\000r\000o\000u\000g\000h\000p\000u\000t}{section.3}% 6
\BOOKMARK [2][-]{subsection.3.4}{\376\377\000L\000e\000a\000r\000n\000i\000n\000g\000\040\000R\000a\000t\000e\000\040\000S\000c\000h\000e\000d\000u\000l\000e}{section.3}% 7
\BOOKMARK [1][-]{section.4}{\376\377\000G\000r\000a\000d\000i\000e\000n\000t\000\040\000A\000n\000a\000l\000y\000s\000i\000s}{}% 8
\BOOKMARK [2][-]{subsection.4.1}{\376\377\000G\000l\000o\000b\000a\000l\000\040\000G\000r\000a\000d\000i\000e\000n\000t\000\040\000N\000o\000r\000m\000s\000\040\000a\000n\000d\000\040\000D\000e\000p\000t\000h\000\040\000S\000p\000e\000c\000i\000a\000l\000i\000z\000a\000t\000i\000o\000n}{section.4}% 9
\BOOKMARK [2][-]{subsection.4.2}{\376\377\000P\000e\000r\000-\000B\000l\000o\000c\000k\000\040\000G\000r\000a\000d\000i\000e\000n\000t\000\040\000N\000o\000r\000m\000s}{section.4}% 10
\BOOKMARK [2][-]{subsection.4.3}{\376\377\000L\0000\000\040\000I\000n\000n\000e\000r\000-\000L\000o\000o\000p\000\040\000G\000r\000a\000d\000i\000e\000n\000t\000\040\000S\000i\000g\000n\000a\000l}{section.4}% 11
\BOOKMARK [1][-]{section.5}{\376\377\000G\000a\000t\000e\000\040\000D\000i\000a\000g\000n\000o\000s\000t\000i\000c\000s\000:\000\040\000B\000l\000o\000c\000k\000-\000S\000p\000e\000c\000i\000f\000i\000c\000\040\000S\000p\000e\000c\000i\000a\000l\000i\000z\000a\000t\000i\000o\000n}{}% 12
\BOOKMARK [2][-]{subsection.5.1}{\376\377\000G\000a\000t\000e\000\040\000H\000e\000a\000t\000m\000a\000p\000\040\000\050\000F\000i\000n\000a\000l\000\040\000S\000n\000a\000p\000s\000h\000o\000t\000\051}{section.5}% 13
\BOOKMARK [2][-]{subsection.5.2}{\376\377\000T\000h\000e\000t\000a\000\040\000\050\000I\000n\000n\000e\000r\000-\000L\000o\000o\000p\000\040\000L\000e\000a\000r\000n\000i\000n\000g\000\040\000R\000a\000t\000e\000\051}{section.5}% 14
\BOOKMARK [2][-]{subsection.5.3}{\376\377\000A\000l\000p\000h\000a\000\040\000\050\000R\000e\000t\000e\000n\000t\000i\000o\000n\000\040\000G\000a\000t\000e\000\051\000\040\040\024\000\040\000U\000n\000c\000o\000n\000s\000t\000r\000a\000i\000n\000e\000d}{section.5}% 15
\BOOKMARK [2][-]{subsection.5.4}{\376\377\000E\000t\000a\000\040\000\050\000O\000u\000t\000p\000u\000t\000\040\000G\000a\000t\000e\000\051}{section.5}% 16
\BOOKMARK [2][-]{subsection.5.5}{\376\377\000D\000G\000D\000\040\000R\000a\000t\000i\000o\000\040\000\050\000L\0000\000/\000L\0001\000\040\000U\000p\000d\000a\000t\000e\000\040\000M\000a\000g\000n\000i\000t\000u\000d\000e\000\051}{section.5}% 17
\BOOKMARK [2][-]{subsection.5.6}{\376\377\000O\000u\000t\000p\000u\000t\000\040\000G\000r\000a\000d\000i\000e\000n\000t\000\040\000N\000o\000r\000m\000s\000\040\000\050\000M\000A\000G\000\040\000I\000d\000e\000n\000t\000i\000t\000y\000\040\000C\000h\000e\000c\000k\000\051}{section.5}% 18
\BOOKMARK [1][-]{section.6}{\376\377\000S\000c\000a\000l\000e\000-\000U\000p\000\040\000A\000n\000a\000l\000y\000s\000i\000s}{}% 19
\BOOKMARK [2][-]{subsection.6.1}{\376\377\000W\000h\000a\000t\000\040\000S\000c\000a\000l\000e\000s\000\040\000C\000l\000e\000a\000n\000l\000y}{section.6}% 20
\BOOKMARK [2][-]{subsection.6.2}{\376\377\000W\000h\000a\000t\000\040\000C\000h\000a\000n\000g\000e\000s\000\040\000a\000t\000\040\000S\000c\000a\000l\000e}{section.6}% 21
\BOOKMARK [2][-]{subsection.6.3}{\376\377\000I\000m\000p\000l\000i\000c\000a\000t\000i\000o\000n\000s\000\040\000f\000o\000r\000\040\000a\000l\000p\000h\000a\000\137\000f\000l\000o\000o\000r}{section.6}% 22
\BOOKMARK [1][-]{section.7}{\376\377\000C\000o\000n\000c\000l\000u\000s\000i\000o\000n\000s}{}% 23
\BOOKMARK [2][-]{subsection.7.1}{\376\377\000O\000p\000e\000n\000\040\000Q\000u\000e\000s\000t\000i\000o\000n\000s}{section.7}% 24
\BOOKMARK [2][-]{subsection.7.2}{\376\377\000N\000e\000x\000t\000\040\000S\000t\000e\000p\000s}{section.7}% 25
